0:0:0:0:0:0:0:1 	- 	[2016-10-26 14:54:06.653] 	"GET /console HTTP/1.1" 	303 	- 	"Mozilla/5.0 (Macintosh; Intel Mac OS X 10_12_0) AppleWebKit/537.36 (KHTML, like Gecko) Chrome/54.0.2840.71 Safari/537.36" 	29ms
0:0:0:0:0:0:0:1 	- 	[2016-10-26 14:54:06.817] 	"GET /console/ HTTP/1.1" 	200 	- 	"Mozilla/5.0 (Macintosh; Intel Mac OS X 10_12_0) AppleWebKit/537.36 (KHTML, like Gecko) Chrome/54.0.2840.71 Safari/537.36" 	128ms
0:0:0:0:0:0:0:1 	- 	[2016-10-26 14:54:07.22] 	"GET /console/css/baasbox.css HTTP/1.1" 	200 	7642 	"Mozilla/5.0 (Macintosh; Intel Mac OS X 10_12_0) AppleWebKit/537.36 (KHTML, like Gecko) Chrome/54.0.2840.71 Safari/537.36" 	202ms
0:0:0:0:0:0:0:1 	- 	[2016-10-26 14:54:07.24] 	"GET /console/css/bootstrap-responsive.css HTTP/1.1" 	200 	14447 	"Mozilla/5.0 (Macintosh; Intel Mac OS X 10_12_0) AppleWebKit/537.36 (KHTML, like Gecko) Chrome/54.0.2840.71 Safari/537.36" 	200ms
0:0:0:0:0:0:0:1 	- 	[2016-10-26 14:54:07.23] 	"GET /console/css/charisma-app.css HTTP/1.1" 	200 	10647 	"Mozilla/5.0 (Macintosh; Intel Mac OS X 10_12_0) AppleWebKit/537.36 (KHTML, like Gecko) Chrome/54.0.2840.71 Safari/537.36" 	202ms
0:0:0:0:0:0:0:1 	- 	[2016-10-26 14:54:07.23] 	"GET /console/css/s-btns.css HTTP/1.1" 	200 	25903 	"Mozilla/5.0 (Macintosh; Intel Mac OS X 10_12_0) AppleWebKit/537.36 (KHTML, like Gecko) Chrome/54.0.2840.71 Safari/537.36" 	205ms
0:0:0:0:0:0:0:1 	- 	[2016-10-26 14:54:07.22] 	"GET /console/css/bootstrap-classic.css HTTP/1.1" 	200 	134772 	"Mozilla/5.0 (Macintosh; Intel Mac OS X 10_12_0) AppleWebKit/537.36 (KHTML, like Gecko) Chrome/54.0.2840.71 Safari/537.36" 	208ms
0:0:0:0:0:0:0:1 	- 	[2016-10-26 14:54:07.22] 	"GET /console/css/font-awesome.min.css HTTP/1.1" 	200 	21984 	"Mozilla/5.0 (Macintosh; Intel Mac OS X 10_12_0) AppleWebKit/537.36 (KHTML, like Gecko) Chrome/54.0.2840.71 Safari/537.36" 	216ms
0:0:0:0:0:0:0:1 	- 	[2016-10-26 14:54:07.243] 	"GET /console/css/baasbox-jsnippet.css HTTP/1.1" 	200 	4519 	"Mozilla/5.0 (Macintosh; Intel Mac OS X 10_12_0) AppleWebKit/537.36 (KHTML, like Gecko) Chrome/54.0.2840.71 Safari/537.36" 	2ms
0:0:0:0:0:0:0:1 	- 	[2016-10-26 14:54:07.249] 	"GET /console/css/fullcalendar.css HTTP/1.1" 	200 	10699 	"Mozilla/5.0 (Macintosh; Intel Mac OS X 10_12_0) AppleWebKit/537.36 (KHTML, like Gecko) Chrome/54.0.2840.71 Safari/537.36" 	5ms
0:0:0:0:0:0:0:1 	- 	[2016-10-26 14:54:07.248] 	"GET /console/css/jquery-ui-1.8.21.custom.css HTTP/1.1" 	200 	33252 	"Mozilla/5.0 (Macintosh; Intel Mac OS X 10_12_0) AppleWebKit/537.36 (KHTML, like Gecko) Chrome/54.0.2840.71 Safari/537.36" 	6ms
0:0:0:0:0:0:0:1 	- 	[2016-10-26 14:54:07.252] 	"GET /console/css/chosen.css HTTP/1.1" 	200 	14176 	"Mozilla/5.0 (Macintosh; Intel Mac OS X 10_12_0) AppleWebKit/537.36 (KHTML, like Gecko) Chrome/54.0.2840.71 Safari/537.36" 	3ms
0:0:0:0:0:0:0:1 	- 	[2016-10-26 14:54:07.262] 	"GET /console/css/uniform.default.css HTTP/1.1" 	200 	10598 	"Mozilla/5.0 (Macintosh; Intel Mac OS X 10_12_0) AppleWebKit/537.36 (KHTML, like Gecko) Chrome/54.0.2840.71 Safari/537.36" 	3ms
0:0:0:0:0:0:0:1 	- 	[2016-10-26 14:54:07.262] 	"GET /console/css/colorbox.css HTTP/1.1" 	200 	3301 	"Mozilla/5.0 (Macintosh; Intel Mac OS X 10_12_0) AppleWebKit/537.36 (KHTML, like Gecko) Chrome/54.0.2840.71 Safari/537.36" 	3ms
0:0:0:0:0:0:0:1 	- 	[2016-10-26 14:54:07.266] 	"GET /console/css/jquery.cleditor.css HTTP/1.1" 	200 	1394 	"Mozilla/5.0 (Macintosh; Intel Mac OS X 10_12_0) AppleWebKit/537.36 (KHTML, like Gecko) Chrome/54.0.2840.71 Safari/537.36" 	4ms
0:0:0:0:0:0:0:1 	- 	[2016-10-26 14:54:07.277] 	"GET /console/css/noty_theme_default.css HTTP/1.1" 	200 	8752 	"Mozilla/5.0 (Macintosh; Intel Mac OS X 10_12_0) AppleWebKit/537.36 (KHTML, like Gecko) Chrome/54.0.2840.71 Safari/537.36" 	2ms
0:0:0:0:0:0:0:1 	- 	[2016-10-26 14:54:07.276] 	"GET /console/css/jquery.noty.css HTTP/1.1" 	200 	2116 	"Mozilla/5.0 (Macintosh; Intel Mac OS X 10_12_0) AppleWebKit/537.36 (KHTML, like Gecko) Chrome/54.0.2840.71 Safari/537.36" 	3ms
0:0:0:0:0:0:0:1 	- 	[2016-10-26 14:54:07.280] 	"GET /console/css/elfinder.min.css HTTP/1.1" 	200 	29647 	"Mozilla/5.0 (Macintosh; Intel Mac OS X 10_12_0) AppleWebKit/537.36 (KHTML, like Gecko) Chrome/54.0.2840.71 Safari/537.36" 	4ms
0:0:0:0:0:0:0:1 	- 	[2016-10-26 14:54:07.281] 	"GET /console/css/jquery.iphone.toggle.css HTTP/1.1" 	200 	3901 	"Mozilla/5.0 (Macintosh; Intel Mac OS X 10_12_0) AppleWebKit/537.36 (KHTML, like Gecko) Chrome/54.0.2840.71 Safari/537.36" 	4ms
0:0:0:0:0:0:0:1 	- 	[2016-10-26 14:54:07.280] 	"GET /console/css/elfinder.theme.css HTTP/1.1" 	200 	1825 	"Mozilla/5.0 (Macintosh; Intel Mac OS X 10_12_0) AppleWebKit/537.36 (KHTML, like Gecko) Chrome/54.0.2840.71 Safari/537.36" 	6ms
0:0:0:0:0:0:0:1 	- 	[2016-10-26 14:54:07.289] 	"GET /console/css/opa-icons.css HTTP/1.1" 	200 	39656 	"Mozilla/5.0 (Macintosh; Intel Mac OS X 10_12_0) AppleWebKit/537.36 (KHTML, like Gecko) Chrome/54.0.2840.71 Safari/537.36" 	4ms
0:0:0:0:0:0:0:1 	- 	[2016-10-26 14:54:07.289] 	"GET /console/css/uploadify.css HTTP/1.1" 	200 	2452 	"Mozilla/5.0 (Macintosh; Intel Mac OS X 10_12_0) AppleWebKit/537.36 (KHTML, like Gecko) Chrome/54.0.2840.71 Safari/537.36" 	5ms
0:0:0:0:0:0:0:1 	- 	[2016-10-26 14:54:07.295] 	"GET /console/css/lato.css HTTP/1.1" 	200 	119 	"Mozilla/5.0 (Macintosh; Intel Mac OS X 10_12_0) AppleWebKit/537.36 (KHTML, like Gecko) Chrome/54.0.2840.71 Safari/537.36" 	9ms
0:0:0:0:0:0:0:1 	- 	[2016-10-26 14:54:07.303] 	"GET /console/js/jquery-ui-1.8.21.custom.min.js HTTP/1.1" 	200 	206923 	"Mozilla/5.0 (Macintosh; Intel Mac OS X 10_12_0) AppleWebKit/537.36 (KHTML, like Gecko) Chrome/54.0.2840.71 Safari/537.36" 	7ms
0:0:0:0:0:0:0:1 	- 	[2016-10-26 14:54:07.305] 	"GET /console/js/jquery.zrssfeed.min.js HTTP/1.1" 	200 	3761 	"Mozilla/5.0 (Macintosh; Intel Mac OS X 10_12_0) AppleWebKit/537.36 (KHTML, like Gecko) Chrome/54.0.2840.71 Safari/537.36" 	5ms
0:0:0:0:0:0:0:1 	- 	[2016-10-26 14:54:07.303] 	"GET /console/js/angular.min.js HTTP/1.1" 	200 	78948 	"Mozilla/5.0 (Macintosh; Intel Mac OS X 10_12_0) AppleWebKit/537.36 (KHTML, like Gecko) Chrome/54.0.2840.71 Safari/537.36" 	9ms
0:0:0:0:0:0:0:1 	- 	[2016-10-26 14:54:07.316] 	"GET /console/js/bootstrap-transition.js HTTP/1.1" 	200 	1801 	"Mozilla/5.0 (Macintosh; Intel Mac OS X 10_12_0) AppleWebKit/537.36 (KHTML, like Gecko) Chrome/54.0.2840.71 Safari/537.36" 	5ms
0:0:0:0:0:0:0:1 	- 	[2016-10-26 14:54:07.316] 	"GET /console/js/bootstrap-alert.js HTTP/1.1" 	200 	2392 	"Mozilla/5.0 (Macintosh; Intel Mac OS X 10_12_0) AppleWebKit/537.36 (KHTML, like Gecko) Chrome/54.0.2840.71 Safari/537.36" 	8ms
0:0:0:0:0:0:0:1 	- 	[2016-10-26 14:54:07.327] 	"GET /console/js/bootstrap-modal.js HTTP/1.1" 	200 	5677 	"Mozilla/5.0 (Macintosh; Intel Mac OS X 10_12_0) AppleWebKit/537.36 (KHTML, like Gecko) Chrome/54.0.2840.71 Safari/537.36" 	6ms
0:0:0:0:0:0:0:1 	- 	[2016-10-26 14:54:07.295] 	"GET /console/js/jquery-1.7.2.min.js HTTP/1.1" 	200 	94840 	"Mozilla/5.0 (Macintosh; Intel Mac OS X 10_12_0) AppleWebKit/537.36 (KHTML, like Gecko) Chrome/54.0.2840.71 Safari/537.36" 	39ms
0:0:0:0:0:0:0:1 	- 	[2016-10-26 14:54:07.352] 	"GET /console/js/bootstrap-dropdown.js HTTP/1.1" 	200 	2728 	"Mozilla/5.0 (Macintosh; Intel Mac OS X 10_12_0) AppleWebKit/537.36 (KHTML, like Gecko) Chrome/54.0.2840.71 Safari/537.36" 	4ms
0:0:0:0:0:0:0:1 	- 	[2016-10-26 14:54:07.353] 	"GET /console/js/bootstrap-scrollspy.js HTTP/1.1" 	200 	4375 	"Mozilla/5.0 (Macintosh; Intel Mac OS X 10_12_0) AppleWebKit/537.36 (KHTML, like Gecko) Chrome/54.0.2840.71 Safari/537.36" 	9ms
0:0:0:0:0:0:0:1 	- 	[2016-10-26 14:54:07.368] 	"GET /console/js/bootstrap-tab.js HTTP/1.1" 	200 	3384 	"Mozilla/5.0 (Macintosh; Intel Mac OS X 10_12_0) AppleWebKit/537.36 (KHTML, like Gecko) Chrome/54.0.2840.71 Safari/537.36" 	5ms
0:0:0:0:0:0:0:1 	- 	[2016-10-26 14:54:07.368] 	"GET /console/js/bootstrap-tooltip.js HTTP/1.1" 	200 	7674 	"Mozilla/5.0 (Macintosh; Intel Mac OS X 10_12_0) AppleWebKit/537.36 (KHTML, like Gecko) Chrome/54.0.2840.71 Safari/537.36" 	5ms
0:0:0:0:0:0:0:1 	- 	[2016-10-26 14:54:07.388] 	"GET /console/js/bootstrap-popover.js HTTP/1.1" 	200 	2874 	"Mozilla/5.0 (Macintosh; Intel Mac OS X 10_12_0) AppleWebKit/537.36 (KHTML, like Gecko) Chrome/54.0.2840.71 Safari/537.36" 	3ms
0:0:0:0:0:0:0:1 	- 	[2016-10-26 14:54:07.412] 	"GET /console/js/bootstrap-button.js HTTP/1.1" 	200 	2713 	"Mozilla/5.0 (Macintosh; Intel Mac OS X 10_12_0) AppleWebKit/537.36 (KHTML, like Gecko) Chrome/54.0.2840.71 Safari/537.36" 	3ms
0:0:0:0:0:0:0:1 	- 	[2016-10-26 14:54:07.417] 	"GET /console/js/bootstrap-collapse.js HTTP/1.1" 	200 	4398 	"Mozilla/5.0 (Macintosh; Intel Mac OS X 10_12_0) AppleWebKit/537.36 (KHTML, like Gecko) Chrome/54.0.2840.71 Safari/537.36" 	3ms
0:0:0:0:0:0:0:1 	- 	[2016-10-26 14:54:07.429] 	"GET /console/js/bootstrap-carousel.js HTTP/1.1" 	200 	5018 	"Mozilla/5.0 (Macintosh; Intel Mac OS X 10_12_0) AppleWebKit/537.36 (KHTML, like Gecko) Chrome/54.0.2840.71 Safari/537.36" 	3ms
0:0:0:0:0:0:0:1 	- 	[2016-10-26 14:54:07.430] 	"GET /console/js/bootstrap-typeahead.js HTTP/1.1" 	200 	7090 	"Mozilla/5.0 (Macintosh; Intel Mac OS X 10_12_0) AppleWebKit/537.36 (KHTML, like Gecko) Chrome/54.0.2840.71 Safari/537.36" 	3ms
0:0:0:0:0:0:0:1 	- 	[2016-10-26 14:54:07.432] 	"GET /console/js/bootstrap-tour.js HTTP/1.1" 	200 	7048 	"Mozilla/5.0 (Macintosh; Intel Mac OS X 10_12_0) AppleWebKit/537.36 (KHTML, like Gecko) Chrome/54.0.2840.71 Safari/537.36" 	2ms
0:0:0:0:0:0:0:1 	- 	[2016-10-26 14:54:07.432] 	"GET /console/css/Lato-Bol.ttf HTTP/1.1" 	200 	121788 	"Mozilla/5.0 (Macintosh; Intel Mac OS X 10_12_0) AppleWebKit/537.36 (KHTML, like Gecko) Chrome/54.0.2840.71 Safari/537.36" 	3ms
0:0:0:0:0:0:0:1 	- 	[2016-10-26 14:54:07.433] 	"GET /console/css/Lato-Regular.ttf HTTP/1.1" 	200 	120196 	"Mozilla/5.0 (Macintosh; Intel Mac OS X 10_12_0) AppleWebKit/537.36 (KHTML, like Gecko) Chrome/54.0.2840.71 Safari/537.36" 	6ms
0:0:0:0:0:0:0:1 	- 	[2016-10-26 14:54:07.437] 	"GET /console/js/jquery.cookie.js HTTP/1.1" 	200 	1941 	"Mozilla/5.0 (Macintosh; Intel Mac OS X 10_12_0) AppleWebKit/537.36 (KHTML, like Gecko) Chrome/54.0.2840.71 Safari/537.36" 	3ms
0:0:0:0:0:0:0:1 	- 	[2016-10-26 14:54:07.452] 	"GET /console/js/fullcalendar.min.js HTTP/1.1" 	200 	49999 	"Mozilla/5.0 (Macintosh; Intel Mac OS X 10_12_0) AppleWebKit/537.36 (KHTML, like Gecko) Chrome/54.0.2840.71 Safari/537.36" 	2ms
0:0:0:0:0:0:0:1 	- 	[2016-10-26 14:54:07.470] 	"GET /console/js/jquery.dataTables.min.js HTTP/1.1" 	200 	72194 	"Mozilla/5.0 (Macintosh; Intel Mac OS X 10_12_0) AppleWebKit/537.36 (KHTML, like Gecko) Chrome/54.0.2840.71 Safari/537.36" 	5ms
0:0:0:0:0:0:0:1 	- 	[2016-10-26 14:54:07.473] 	"GET /console/js/jquery.dataTables.editable.js HTTP/1.1" 	200 	67502 	"Mozilla/5.0 (Macintosh; Intel Mac OS X 10_12_0) AppleWebKit/537.36 (KHTML, like Gecko) Chrome/54.0.2840.71 Safari/537.36" 	2ms
0:0:0:0:0:0:0:1 	- 	[2016-10-26 14:54:07.473] 	"GET /console/js/jquery.jeditable.js HTTP/1.1" 	200 	22959 	"Mozilla/5.0 (Macintosh; Intel Mac OS X 10_12_0) AppleWebKit/537.36 (KHTML, like Gecko) Chrome/54.0.2840.71 Safari/537.36" 	2ms
0:0:0:0:0:0:0:1 	- 	[2016-10-26 14:54:07.486] 	"GET /console/img/logo_baasbox_lp.png HTTP/1.1" 	200 	36032 	"Mozilla/5.0 (Macintosh; Intel Mac OS X 10_12_0) AppleWebKit/537.36 (KHTML, like Gecko) Chrome/54.0.2840.71 Safari/537.36" 	2ms
0:0:0:0:0:0:0:1 	- 	[2016-10-26 14:54:07.487] 	"GET /console/img/opa-icons-color16.png HTTP/1.1" 	200 	45269 	"Mozilla/5.0 (Macintosh; Intel Mac OS X 10_12_0) AppleWebKit/537.36 (KHTML, like Gecko) Chrome/54.0.2840.71 Safari/537.36" 	2ms
0:0:0:0:0:0:0:1 	- 	[2016-10-26 14:54:07.489] 	"GET /console/img/glyphicons-halflings.png HTTP/1.1" 	200 	12799 	"Mozilla/5.0 (Macintosh; Intel Mac OS X 10_12_0) AppleWebKit/537.36 (KHTML, like Gecko) Chrome/54.0.2840.71 Safari/537.36" 	3ms
0:0:0:0:0:0:0:1 	- 	[2016-10-26 14:54:07.519] 	"GET /console/img/opa-icons-black16.png HTTP/1.1" 	200 	27897 	"Mozilla/5.0 (Macintosh; Intel Mac OS X 10_12_0) AppleWebKit/537.36 (KHTML, like Gecko) Chrome/54.0.2840.71 Safari/537.36" 	3ms
0:0:0:0:0:0:0:1 	- 	[2016-10-26 14:54:07.541] 	"GET /console/js/ColReorderWithResize.js HTTP/1.1" 	200 	37421 	"Mozilla/5.0 (Macintosh; Intel Mac OS X 10_12_0) AppleWebKit/537.36 (KHTML, like Gecko) Chrome/54.0.2840.71 Safari/537.36" 	4ms
0:0:0:0:0:0:0:1 	- 	[2016-10-26 14:54:07.541] 	"GET /console/js/jquery.validate.js HTTP/1.1" 	200 	37363 	"Mozilla/5.0 (Macintosh; Intel Mac OS X 10_12_0) AppleWebKit/537.36 (KHTML, like Gecko) Chrome/54.0.2840.71 Safari/537.36" 	4ms
0:0:0:0:0:0:0:1 	- 	[2016-10-26 14:54:07.550] 	"GET /console/js/excanvas.js HTTP/1.1" 	200 	41784 	"Mozilla/5.0 (Macintosh; Intel Mac OS X 10_12_0) AppleWebKit/537.36 (KHTML, like Gecko) Chrome/54.0.2840.71 Safari/537.36" 	3ms
0:0:0:0:0:0:0:1 	- 	[2016-10-26 14:54:07.561] 	"GET /console/js/jquery.flot.min.js HTTP/1.1" 	200 	37554 	"Mozilla/5.0 (Macintosh; Intel Mac OS X 10_12_0) AppleWebKit/537.36 (KHTML, like Gecko) Chrome/54.0.2840.71 Safari/537.36" 	2ms
0:0:0:0:0:0:0:1 	- 	[2016-10-26 14:54:07.564] 	"GET /console/js/jquery.flot.pie.min.js HTTP/1.1" 	200 	8855 	"Mozilla/5.0 (Macintosh; Intel Mac OS X 10_12_0) AppleWebKit/537.36 (KHTML, like Gecko) Chrome/54.0.2840.71 Safari/537.36" 	3ms
0:0:0:0:0:0:0:1 	- 	[2016-10-26 14:54:07.586] 	"GET /console/js/jquery.flot.stack.js HTTP/1.1" 	200 	6968 	"Mozilla/5.0 (Macintosh; Intel Mac OS X 10_12_0) AppleWebKit/537.36 (KHTML, like Gecko) Chrome/54.0.2840.71 Safari/537.36" 	5ms
0:0:0:0:0:0:0:1 	- 	[2016-10-26 14:54:07.604] 	"GET /console/js/jquery.flot.resize.min.js HTTP/1.1" 	200 	1239 	"Mozilla/5.0 (Macintosh; Intel Mac OS X 10_12_0) AppleWebKit/537.36 (KHTML, like Gecko) Chrome/54.0.2840.71 Safari/537.36" 	2ms
0:0:0:0:0:0:0:1 	- 	[2016-10-26 14:54:07.604] 	"GET /console/js/jquery.snippet.min.js HTTP/1.1" 	200 	68446 	"Mozilla/5.0 (Macintosh; Intel Mac OS X 10_12_0) AppleWebKit/537.36 (KHTML, like Gecko) Chrome/54.0.2840.71 Safari/537.36" 	2ms
0:0:0:0:0:0:0:1 	- 	[2016-10-26 14:54:07.604] 	"GET /console/js/jquery.chosen.min.js HTTP/1.1" 	200 	22939 	"Mozilla/5.0 (Macintosh; Intel Mac OS X 10_12_0) AppleWebKit/537.36 (KHTML, like Gecko) Chrome/54.0.2840.71 Safari/537.36" 	2ms
0:0:0:0:0:0:0:1 	- 	[2016-10-26 14:54:07.608] 	"GET /console/js/jquery.uniform.min.js HTTP/1.1" 	200 	9323 	"Mozilla/5.0 (Macintosh; Intel Mac OS X 10_12_0) AppleWebKit/537.36 (KHTML, like Gecko) Chrome/54.0.2840.71 Safari/537.36" 	3ms
0:0:0:0:0:0:0:1 	- 	[2016-10-26 14:54:07.611] 	"GET /console/js/jquery.colorbox.min.js HTTP/1.1" 	200 	9690 	"Mozilla/5.0 (Macintosh; Intel Mac OS X 10_12_0) AppleWebKit/537.36 (KHTML, like Gecko) Chrome/54.0.2840.71 Safari/537.36" 	3ms
0:0:0:0:0:0:0:1 	- 	[2016-10-26 14:54:07.622] 	"GET /console/js/jquery.cleditor.min.js HTTP/1.1" 	200 	12047 	"Mozilla/5.0 (Macintosh; Intel Mac OS X 10_12_0) AppleWebKit/537.36 (KHTML, like Gecko) Chrome/54.0.2840.71 Safari/537.36" 	2ms
0:0:0:0:0:0:0:1 	- 	[2016-10-26 14:54:07.634] 	"GET /console/js/jquery.iphone.toggle.js HTTP/1.1" 	200 	9922 	"Mozilla/5.0 (Macintosh; Intel Mac OS X 10_12_0) AppleWebKit/537.36 (KHTML, like Gecko) Chrome/54.0.2840.71 Safari/537.36" 	4ms
0:0:0:0:0:0:0:1 	- 	[2016-10-26 14:54:07.635] 	"GET /console/js/jquery.elfinder.min.js HTTP/1.1" 	200 	134069 	"Mozilla/5.0 (Macintosh; Intel Mac OS X 10_12_0) AppleWebKit/537.36 (KHTML, like Gecko) Chrome/54.0.2840.71 Safari/537.36" 	4ms
0:0:0:0:0:0:0:1 	- 	[2016-10-26 14:54:07.635] 	"GET /console/js/jquery.autogrow-textarea.js HTTP/1.1" 	200 	2136 	"Mozilla/5.0 (Macintosh; Intel Mac OS X 10_12_0) AppleWebKit/537.36 (KHTML, like Gecko) Chrome/54.0.2840.71 Safari/537.36" 	4ms
0:0:0:0:0:0:0:1 	- 	[2016-10-26 14:54:07.635] 	"GET /console/js/jquery.raty.min.js HTTP/1.1" 	200 	7549 	"Mozilla/5.0 (Macintosh; Intel Mac OS X 10_12_0) AppleWebKit/537.36 (KHTML, like Gecko) Chrome/54.0.2840.71 Safari/537.36" 	6ms
0:0:0:0:0:0:0:1 	- 	[2016-10-26 14:54:07.635] 	"GET /console/js/jquery.noty.js HTTP/1.1" 	200 	8385 	"Mozilla/5.0 (Macintosh; Intel Mac OS X 10_12_0) AppleWebKit/537.36 (KHTML, like Gecko) Chrome/54.0.2840.71 Safari/537.36" 	6ms
0:0:0:0:0:0:0:1 	- 	[2016-10-26 14:54:07.639] 	"GET /console/js/jquery.uploadify-3.1.min.js HTTP/1.1" 	200 	46268 	"Mozilla/5.0 (Macintosh; Intel Mac OS X 10_12_0) AppleWebKit/537.36 (KHTML, like Gecko) Chrome/54.0.2840.71 Safari/537.36" 	2ms
0:0:0:0:0:0:0:1 	- 	[2016-10-26 14:54:07.645] 	"GET /console/js/history.adapter.jquery.js HTTP/1.1" 	200 	1954 	"Mozilla/5.0 (Macintosh; Intel Mac OS X 10_12_0) AppleWebKit/537.36 (KHTML, like Gecko) Chrome/54.0.2840.71 Safari/537.36" 	3ms
0:0:0:0:0:0:0:1 	- 	[2016-10-26 14:54:07.648] 	"GET /console/js/history.js HTTP/1.1" 	200 	47418 	"Mozilla/5.0 (Macintosh; Intel Mac OS X 10_12_0) AppleWebKit/537.36 (KHTML, like Gecko) Chrome/54.0.2840.71 Safari/537.36" 	2ms
0:0:0:0:0:0:0:1 	- 	[2016-10-26 14:54:07.656] 	"GET /console/js/ace/ace.js HTTP/1.1" 	200 	337015 	"Mozilla/5.0 (Macintosh; Intel Mac OS X 10_12_0) AppleWebKit/537.36 (KHTML, like Gecko) Chrome/54.0.2840.71 Safari/537.36" 	3ms
0:0:0:0:0:0:0:1 	- 	[2016-10-26 14:54:07.657] 	"GET /console/js/ace/ext-language_tools.js HTTP/1.1" 	200 	31742 	"Mozilla/5.0 (Macintosh; Intel Mac OS X 10_12_0) AppleWebKit/537.36 (KHTML, like Gecko) Chrome/54.0.2840.71 Safari/537.36" 	3ms
0:0:0:0:0:0:0:1 	- 	[2016-10-26 14:54:07.661] 	"GET /console/js/charisma.js HTTP/1.1" 	200 	9197 	"Mozilla/5.0 (Macintosh; Intel Mac OS X 10_12_0) AppleWebKit/537.36 (KHTML, like Gecko) Chrome/54.0.2840.71 Safari/537.36" 	3ms
0:0:0:0:0:0:0:1 	- 	[2016-10-26 14:54:07.660] 	"GET /console/js/ui-ace.js HTTP/1.1" 	200 	9610 	"Mozilla/5.0 (Macintosh; Intel Mac OS X 10_12_0) AppleWebKit/537.36 (KHTML, like Gecko) Chrome/54.0.2840.71 Safari/537.36" 	4ms
0:0:0:0:0:0:0:1 	- 	[2016-10-26 14:54:07.663] 	"GET /console/bbjs/push.js HTTP/1.1" 	200 	7779 	"Mozilla/5.0 (Macintosh; Intel Mac OS X 10_12_0) AppleWebKit/537.36 (KHTML, like Gecko) Chrome/54.0.2840.71 Safari/537.36" 	3ms
0:0:0:0:0:0:0:1 	- 	[2016-10-26 14:54:07.674] 	"GET /console/bbjs/scripts.js HTTP/1.1" 	200 	9405 	"Mozilla/5.0 (Macintosh; Intel Mac OS X 10_12_0) AppleWebKit/537.36 (KHTML, like Gecko) Chrome/54.0.2840.71 Safari/537.36" 	5ms
0:0:0:0:0:0:0:1 	- 	[2016-10-26 14:54:07.675] 	"GET /console/bbjs/baasboxgui.js HTTP/1.1" 	200 	77192 	"Mozilla/5.0 (Macintosh; Intel Mac OS X 10_12_0) AppleWebKit/537.36 (KHTML, like Gecko) Chrome/54.0.2840.71 Safari/537.36" 	5ms
0:0:0:0:0:0:0:1 	- 	[2016-10-26 14:54:07.677] 	"GET /console/bbjs/tour.js HTTP/1.1" 	200 	2264 	"Mozilla/5.0 (Macintosh; Intel Mac OS X 10_12_0) AppleWebKit/537.36 (KHTML, like Gecko) Chrome/54.0.2840.71 Safari/537.36" 	9ms
0:0:0:0:0:0:0:1 	- 	[2016-10-26 14:54:07.677] 	"GET /console/bbjs/whatsnew-tour.js HTTP/1.1" 	200 	1794 	"Mozilla/5.0 (Macintosh; Intel Mac OS X 10_12_0) AppleWebKit/537.36 (KHTML, like Gecko) Chrome/54.0.2840.71 Safari/537.36" 	9ms
0:0:0:0:0:0:0:1 	- 	[2016-10-26 14:54:07.687] 	"GET /console/bbjs/datatable.js HTTP/1.1" 	200 	4708 	"Mozilla/5.0 (Macintosh; Intel Mac OS X 10_12_0) AppleWebKit/537.36 (KHTML, like Gecko) Chrome/54.0.2840.71 Safari/537.36" 	2ms
0:0:0:0:0:0:0:1 	- 	[2016-10-26 14:54:07.693] 	"GET /console/bbjs/documents-datatable.js HTTP/1.1" 	200 	2109 	"Mozilla/5.0 (Macintosh; Intel Mac OS X 10_12_0) AppleWebKit/537.36 (KHTML, like Gecko) Chrome/54.0.2840.71 Safari/537.36" 	3ms
0:0:0:0:0:0:0:1 	- 	[2016-10-26 14:54:07.695] 	"GET /console/bbjs/users-datatable.js HTTP/1.1" 	200 	2190 	"Mozilla/5.0 (Macintosh; Intel Mac OS X 10_12_0) AppleWebKit/537.36 (KHTML, like Gecko) Chrome/54.0.2840.71 Safari/537.36" 	12ms
0:0:0:0:0:0:0:1 	- 	[2016-10-26 14:54:07.695] 	"GET /console/bbjs/files-datatable.js HTTP/1.1" 	200 	2227 	"Mozilla/5.0 (Macintosh; Intel Mac OS X 10_12_0) AppleWebKit/537.36 (KHTML, like Gecko) Chrome/54.0.2840.71 Safari/537.36" 	12ms
0:0:0:0:0:0:0:1 	- 	[2016-10-26 14:54:07.707] 	"GET /console/bbjs/log.js HTTP/1.1" 	200 	233 	"Mozilla/5.0 (Macintosh; Intel Mac OS X 10_12_0) AppleWebKit/537.36 (KHTML, like Gecko) Chrome/54.0.2840.71 Safari/537.36" 	2ms
0:0:0:0:0:0:0:1 	- 	[2016-10-26 14:54:07.723] 	"GET /console/js/jquery.form.js HTTP/1.1" 	200 	39553 	"Mozilla/5.0 (Macintosh; Intel Mac OS X 10_12_0) AppleWebKit/537.36 (KHTML, like Gecko) Chrome/54.0.2840.71 Safari/537.36" 	3ms
0:0:0:0:0:0:0:1 	- 	[2016-10-26 14:54:07.730] 	"GET /console/img/logo_baasbox_white.png HTTP/1.1" 	200 	51110 	"Mozilla/5.0 (Macintosh; Intel Mac OS X 10_12_0) AppleWebKit/537.36 (KHTML, like Gecko) Chrome/54.0.2840.71 Safari/537.36" 	2ms
0:0:0:0:0:0:0:1 	- 	[2016-10-26 14:54:07.733] 	"GET /console/js/routes HTTP/1.1" 	200 	- 	"Mozilla/5.0 (Macintosh; Intel Mac OS X 10_12_0) AppleWebKit/537.36 (KHTML, like Gecko) Chrome/54.0.2840.71 Safari/537.36" 	27ms
0:0:0:0:0:0:0:1 	- 	[2016-10-26 14:54:07.765] 	"GET /console/css/fullcalendar.print.css HTTP/1.1" 	200 	1337 	"Mozilla/5.0 (Macintosh; Intel Mac OS X 10_12_0) AppleWebKit/537.36 (KHTML, like Gecko) Chrome/54.0.2840.71 Safari/537.36" 	3ms
0:0:0:0:0:0:0:1 	- 	[2016-10-26 14:54:08.175] 	"GET /console/js/ace/theme-crimson_editor.js HTTP/1.1" 	200 	2812 	"Mozilla/5.0 (Macintosh; Intel Mac OS X 10_12_0) AppleWebKit/537.36 (KHTML, like Gecko) Chrome/54.0.2840.71 Safari/537.36" 	2ms
0:0:0:0:0:0:0:1 	- 	[2016-10-26 14:54:08.178] 	"GET /console/js/ace/mode-javascript.js HTTP/1.1" 	200 	21285 	"Mozilla/5.0 (Macintosh; Intel Mac OS X 10_12_0) AppleWebKit/537.36 (KHTML, like Gecko) Chrome/54.0.2840.71 Safari/537.36" 	2ms
0:0:0:0:0:0:0:1 	- 	[2016-10-26 14:54:08.185] 	"GET /console/js/ace/snippets/text.js HTTP/1.1" 	200 	131 	"Mozilla/5.0 (Macintosh; Intel Mac OS X 10_12_0) AppleWebKit/537.36 (KHTML, like Gecko) Chrome/54.0.2840.71 Safari/537.36" 	2ms
0:0:0:0:0:0:0:1 	- 	[2016-10-26 14:54:08.203] 	"GET /console/js/ace/mode-json.js HTTP/1.1" 	200 	10772 	"Mozilla/5.0 (Macintosh; Intel Mac OS X 10_12_0) AppleWebKit/537.36 (KHTML, like Gecko) Chrome/54.0.2840.71 Safari/537.36" 	2ms
0:0:0:0:0:0:0:1 	- 	[2016-10-26 14:54:08.356] 	"GET /console/img/sprite.png HTTP/1.1" 	200 	34229 	"Mozilla/5.0 (Macintosh; Intel Mac OS X 10_12_0) AppleWebKit/537.36 (KHTML, like Gecko) Chrome/54.0.2840.71 Safari/537.36" 	2ms
0:0:0:0:0:0:0:1 	- 	[2016-10-26 14:54:08.376] 	"GET /console/img/chosen-sprite.png HTTP/1.1" 	200 	559 	"Mozilla/5.0 (Macintosh; Intel Mac OS X 10_12_0) AppleWebKit/537.36 (KHTML, like Gecko) Chrome/54.0.2840.71 Safari/537.36" 	2ms
0:0:0:0:0:0:0:1 	- 	[2016-10-26 14:54:08.418] 	"GET /console/img/controls.png HTTP/1.1" 	200 	2033 	"Mozilla/5.0 (Macintosh; Intel Mac OS X 10_12_0) AppleWebKit/537.36 (KHTML, like Gecko) Chrome/54.0.2840.71 Safari/537.36" 	2ms
0:0:0:0:0:0:0:1 	- 	[2016-10-26 14:54:08.418] 	"GET /console/img/border.png HTTP/1.1" 	200 	163 	"Mozilla/5.0 (Macintosh; Intel Mac OS X 10_12_0) AppleWebKit/537.36 (KHTML, like Gecko) Chrome/54.0.2840.71 Safari/537.36" 	2ms
0:0:0:0:0:0:0:1 	- 	[2016-10-26 14:54:08.645] 	"GET /console/js/ace/worker-javascript.js HTTP/1.1" 	200 	140675 	"Mozilla/5.0 (Macintosh; Intel Mac OS X 10_12_0) AppleWebKit/537.36 (KHTML, like Gecko) Chrome/54.0.2840.71 Safari/537.36" 	2ms
0:0:0:0:0:0:0:1 	- 	[2016-10-26 14:54:08.655] 	"GET /console/js/ace/snippets/javascript.js HTTP/1.1" 	200 	3642 	"Mozilla/5.0 (Macintosh; Intel Mac OS X 10_12_0) AppleWebKit/537.36 (KHTML, like Gecko) Chrome/54.0.2840.71 Safari/537.36" 	2ms
0:0:0:0:0:0:0:1 	- 	[2016-10-26 14:54:08.660] 	"GET /console/js/ace/worker-json.js HTTP/1.1" 	200 	30950 	"Mozilla/5.0 (Macintosh; Intel Mac OS X 10_12_0) AppleWebKit/537.36 (KHTML, like Gecko) Chrome/54.0.2840.71 Safari/537.36" 	1ms
0:0:0:0:0:0:0:1 	- 	[2016-10-26 14:54:08.972] 	"GET /console/favicon.ico HTTP/1.1" 	200 	9662 	"Mozilla/5.0 (Macintosh; Intel Mac OS X 10_12_0) AppleWebKit/537.36 (KHTML, like Gecko) Chrome/54.0.2840.71 Safari/537.36" 	2ms
